BUILDING: kabanero/pipelines-index:SNAPSHOT
Sending build context to Docker daemon  46.59kB
Step 1/13 : FROM registry.access.redhat.com/ubi8/ubi-minimal
latest: Pulling from ubi8/ubi-minimal
e96e3a1df3b2: Pulling fs layer
1b99828eddf5: Pulling fs layer
1b99828eddf5: Verifying Checksum
1b99828eddf5: Download complete
e96e3a1df3b2: Verifying Checksum
e96e3a1df3b2: Download complete
e96e3a1df3b2: Pull complete
1b99828eddf5: Pull complete
Digest: sha256:326c94ab44d1472a30d47c49c2f896df687184830fc66a66de00c416885125b0
Status: Downloaded newer image for registry.access.redhat.com/ubi8/ubi-minimal:latest
 ---> 401e359e0f45
Step 2/13 : LABEL name="pipelies-index"       vendor="Kabanero"       version="1"       release="1"       summary="Nginx container to host Kabanero pipelines"       description="Nginx container to host Kabanero pipelines"
 ---> Running in b2a27c6df351
Removing intermediate container b2a27c6df351
 ---> 4abf2413a608
Step 3/13 : COPY nginx/nginx.repo  /etc/yum.repos.d/nginx.repo
 ---> 52054449dbfb
Step 4/13 : RUN microdnf install nginx findutils     && mkdir /var/cache/nginx     && chown -R nginx:0 /var/log/nginx/ /var/cache/nginx /usr/share/nginx     && chmod -R g=u /var/log/nginx/ /var/cache/nginx /usr/share/nginx     && mkdir /licenses     && cp /usr/share/doc/nginx*/* /licenses
 ---> Running in e16946a2607c
[91m
(microdnf:6): librhsm-WARNING **: 18:43:29.906: Found 0 entitlement certificates
[0m[91m
(microdnf:6): librhsm-WARNING **: 18:43:29.908: Found 0 entitlement certificates
[0m[91m
(microdnf:6): libdnf-WARNING **: 18:43:29.908: Loading "/etc/dnf/dnf.conf": IniParser: Can't open file
[0mDownloading metadata...
Downloading metadata...
Downloading metadata...
Downloading metadata...
Package                                                                     Repository          Size
Installing:                                                                                         
 acl-2.2.53-1.el8.x86_64                                                    ubi-8-baseos     83.0 kB
 cracklib-2.9.6-15.el8.x86_64                                               ubi-8-baseos     95.5 kB
 cracklib-dicts-2.9.6-15.el8.x86_64                                         ubi-8-baseos      4.1 MB
 cryptsetup-libs-2.2.2-1.el8.x86_64                                         ubi-8-baseos    438.7 kB
 dbus-1:1.12.8-9.el8.x86_64                                                 ubi-8-baseos     41.4 kB
 dbus-common-1:1.12.8-9.el8.noarch                                          ubi-8-baseos     46.2 kB
 dbus-daemon-1:1.12.8-9.el8.x86_64                                          ubi-8-baseos    246.7 kB
 dbus-libs-1:1.12.8-9.el8.x86_64                                            ubi-8-baseos    188.2 kB
 dbus-tools-1:1.12.8-9.el8.x86_64                                           ubi-8-baseos     87.3 kB
 dejavu-fonts-common-2.35-6.el8.noarch                                      ubi-8-baseos     76.0 kB
 dejavu-sans-fonts-2.35-6.el8.noarch                                        ubi-8-baseos      1.6 MB
 device-mapper-8:1.02.169-3.el8.x86_64                                      ubi-8-baseos    381.0 kB
 device-mapper-libs-8:1.02.169-3.el8.x86_64                                 ubi-8-baseos    414.8 kB
 diffutils-3.6-6.el8.x86_64                                                 ubi-8-baseos    367.4 kB
 elfutils-debuginfod-client-0.178-7.el8.x86_64                              ubi-8-appstream  63.2 kB
 elfutils-default-yama-scope-0.178-7.el8.noarch                             ubi-8-baseos     49.6 kB
 elfutils-libs-0.178-7.el8.x86_64                                           ubi-8-baseos    298.9 kB
 findutils-1:4.6.0-20.el8.x86_64                                            ubi-8-baseos    540.8 kB
 fontconfig-2.13.1-3.el8.x86_64                                             ubi-8-baseos    281.3 kB
 fontpackages-filesystem-1.44-22.el8.noarch                                 ubi-8-baseos     16.3 kB
 freetype-2.9.1-4.el8.x86_64                                                ubi-8-baseos    402.7 kB
 gd-2.2.5-6.el8.x86_64                                                      ubi-8-appstream 147.1 kB
 gzip-1.9-9.el8.x86_64                                                      ubi-8-baseos    170.9 kB
 iptables-libs-1.8.4-10.el8.x86_64                                          ubi-8-baseos    107.4 kB
 jbigkit-libs-2.1-14.el8.x86_64                                             ubi-8-appstream  56.0 kB
 kmod-libs-25-16.el8.x86_64                                                 ubi-8-baseos     69.7 kB
 libX11-1.6.8-3.el8.x86_64                                                  ubi-8-appstream 625.9 kB
 libX11-common-1.6.8-3.el8.noarch                                           ubi-8-appstream 161.5 kB
 libXau-1.0.8-13.el8.x86_64                                                 ubi-8-appstream  36.4 kB
 libXpm-3.5.12-8.el8.x86_64                                                 ubi-8-appstream  59.3 kB
 libfdisk-2.32.1-22.el8.x86_64                                              ubi-8-baseos    254.6 kB
 libjpeg-turbo-1.5.3-10.el8.x86_64                                          ubi-8-appstream 159.2 kB
 libpcap-14:1.9.0-3.el8.x86_64                                              ubi-8-baseos    164.1 kB
 libpng-2:1.6.34-5.el8.x86_64                                               ubi-8-baseos    129.0 kB
 libpwquality-1.4.0-9.el8.x86_64                                            ubi-8-baseos    105.0 kB
 libseccomp-2.4.1-1.el8.x86_64                                              ubi-8-baseos     66.4 kB
 libsemanage-2.9-2.el8.x86_64                                               ubi-8-baseos    168.3 kB
 libtiff-4.0.9-17.el8.x86_64                                                ubi-8-appstream 192.2 kB
 libutempter-1.1.6-14.el8.x86_64                                            ubi-8-baseos     32.6 kB
 libwebp-1.0.0-1.el8.x86_64                                                 ubi-8-appstream 279.9 kB
 libxcb-1.13.1-1.el8.x86_64                                                 ubi-8-appstream 234.4 kB
 libxkbcommon-0.9.1-1.el8.x86_64                                            ubi-8-appstream 118.5 kB
 libxslt-1.1.32-4.el8.x86_64                                                ubi-8-baseos    255.4 kB
 nginx-1:1.14.1-9.module+el8.0.0+4108+af250afe.x86_64                       ubi-8-appstream 583.6 kB
 nginx-all-modules-1:1.14.1-9.module+el8.0.0+4108+af250afe.noarch           ubi-8-appstream  24.1 kB
 nginx-filesystem-1:1.14.1-9.module+el8.0.0+4108+af250afe.noarch            ubi-8-appstream  25.0 kB
 nginx-mod-http-image-filter-1:1.14.1-9.module+el8.0.0+4108+af250afe.x86_64 ubi-8-appstream  35.7 kB
 nginx-mod-http-perl-1:1.14.1-9.module+el8.0.0+4108+af250afe.x86_64         ubi-8-appstream  46.6 kB
 nginx-mod-http-xslt-filter-1:1.14.1-9.module+el8.0.0+4108+af250afe.x86_64  ubi-8-appstream  34.3 kB
 nginx-mod-mail-1:1.14.1-9.module+el8.0.0+4108+af250afe.x86_64              ubi-8-appstream  65.6 kB
 nginx-mod-stream-1:1.14.1-9.module+el8.0.0+4108+af250afe.x86_64            ubi-8-appstream  87.5 kB
 openssl-1:1.1.1c-15.el8.x86_64                                             ubi-8-baseos    713.7 kB
 pam-1.3.1-8.el8.x86_64                                                     ubi-8-baseos    750.5 kB
 perl-Carp-1.42-396.el8.noarch                                              ubi-8-baseos     30.9 kB
 perl-Errno-1.28-416.el8.x86_64                                             ubi-8-baseos     77.5 kB
 perl-Exporter-5.72-396.el8.noarch                                          ubi-8-baseos     34.8 kB
 perl-File-Path-2.15-2.el8.noarch                                           ubi-8-baseos     39.0 kB
 perl-IO-1.38-416.el8.x86_64                                                ubi-8-baseos    144.8 kB
 perl-PathTools-3.74-1.el8.x86_64                                           ubi-8-baseos     92.2 kB
 perl-Scalar-List-Utils-3:1.49-2.el8.x86_64                                 ubi-8-baseos     69.4 kB
 perl-Socket-4:2.027-3.el8.x86_64                                           ubi-8-baseos     60.2 kB
 perl-Text-Tabs+Wrap-2013.0523-395.el8.noarch                               ubi-8-baseos     24.7 kB
 perl-Unicode-Normalize-1.25-396.el8.x86_64                                 ubi-8-baseos     83.8 kB
 perl-constant-1.33-396.el8.noarch                                          ubi-8-baseos     26.0 kB
 perl-interpreter-4:5.26.3-416.el8.x86_64                                   ubi-8-baseos      6.6 MB
 perl-libs-4:5.26.3-416.el8.x86_64                                          ubi-8-baseos      1.6 MB
 perl-macros-4:5.26.3-416.el8.x86_64                                        ubi-8-baseos     73.4 kB
 perl-parent-1:0.237-1.el8.noarch                                           ubi-8-baseos     20.5 kB
 perl-threads-1:2.21-2.el8.x86_64                                           ubi-8-baseos     62.7 kB
 perl-threads-shared-1.58-2.el8.x86_64                                      ubi-8-baseos     48.8 kB
 shadow-utils-2:4.6-8.el8.x86_64                                            ubi-8-baseos      1.3 MB
 systemd-239-30.el8_2.x86_64                                                ubi-8-baseos      3.7 MB
 systemd-pam-239-30.el8_2.x86_64                                            ubi-8-baseos    459.9 kB
 util-linux-2.32.1-22.el8.x86_64                                            ubi-8-baseos      2.6 MB
 xkeyboard-config-2.28-1.el8.noarch                                         ubi-8-appstream 801.0 kB
Transaction Summary:
 Installing:       75 packages
 Reinstalling:      0 packages
 Upgrading:         0 packages
 Removing:          0 packages
 Downgrading:       0 packages
Downloading packages...
Running transaction test...
Installing: perl-Carp;1.42-396.el8;noarch;ubi-8-baseos
Installing: perl-Exporter;5.72-396.el8;noarch;ubi-8-baseos
Installing: perl-libs;4:5.26.3-416.el8;x86_64;ubi-8-baseos
Installing: perl-Scalar-List-Utils;3:1.49-2.el8;x86_64;ubi-8-baseos
Installing: libjpeg-turbo;1.5.3-10.el8;x86_64;ubi-8-appstream
Installing: libpng;2:1.6.34-5.el8;x86_64;ubi-8-baseos
Installing: freetype;2.9.1-4.el8;x86_64;ubi-8-baseos
Installing: dbus-libs;1:1.12.8-9.el8;x86_64;ubi-8-baseos
Installing: fontpackages-filesystem;1.44-22.el8;noarch;ubi-8-baseos
Installing: dejavu-fonts-common;2.35-6.el8;noarch;ubi-8-baseos
Installing: dejavu-sans-fonts;2.35-6.el8;noarch;ubi-8-baseos
Installing: fontconfig;2.13.1-3.el8;x86_64;ubi-8-baseos
Installing: dbus-tools;1:1.12.8-9.el8;x86_64;ubi-8-baseos
Installing: perl-parent;1:0.237-1.el8;noarch;ubi-8-baseos
Installing: perl-macros;4:5.26.3-416.el8;x86_64;ubi-8-baseos
Installing: perl-threads;1:2.21-2.el8;x86_64;ubi-8-baseos
Installing: perl-threads-shared;1.58-2.el8;x86_64;ubi-8-baseos
Installing: perl-Errno;1.28-416.el8;x86_64;ubi-8-baseos
Installing: perl-Socket;4:2.027-3.el8;x86_64;ubi-8-baseos
Installing: perl-Text-Tabs+Wrap;2013.0523-395.el8;noarch;ubi-8-baseos
Installing: perl-Unicode-Normalize;1.25-396.el8;x86_64;ubi-8-baseos
Installing: perl-File-Path;2.15-2.el8;noarch;ubi-8-baseos
Installing: perl-IO;1.38-416.el8;x86_64;ubi-8-baseos
Installing: perl-PathTools;3.74-1.el8;x86_64;ubi-8-baseos
Installing: perl-constant;1.33-396.el8;noarch;ubi-8-baseos
Installing: perl-interpreter;4:5.26.3-416.el8;x86_64;ubi-8-baseos
Installing: elfutils-debuginfod-client;0.178-7.el8;x86_64;ubi-8-appstream
Installing: xkeyboard-config;2.28-1.el8;noarch;ubi-8-appstream
Installing: libxkbcommon;0.9.1-1.el8;x86_64;ubi-8-appstream
Installing: libX11-common;1.6.8-3.el8;noarch;ubi-8-appstream
Installing: libXau;1.0.8-13.el8;x86_64;ubi-8-appstream
Installing: libxcb;1.13.1-1.el8;x86_64;ubi-8-appstream
Installing: libX11;1.6.8-3.el8;x86_64;ubi-8-appstream
Installing: libXpm;3.5.12-8.el8;x86_64;ubi-8-appstream
Installing: libwebp;1.0.0-1.el8;x86_64;ubi-8-appstream
Installing: jbigkit-libs;2.1-14.el8;x86_64;ubi-8-appstream
Installing: libtiff;4.0.9-17.el8;x86_64;ubi-8-appstream
Installing: gd;2.2.5-6.el8;x86_64;ubi-8-appstream
Installing: dbus-common;1:1.12.8-9.el8;noarch;ubi-8-baseos
Installing: libfdisk;2.32.1-22.el8;x86_64;ubi-8-baseos
Installing: libsemanage;2.9-2.el8;x86_64;ubi-8-baseos
Installing: shadow-utils;2:4.6-8.el8;x86_64;ubi-8-baseos
Installing: libutempter;1.1.6-14.el8;x86_64;ubi-8-baseos
Installing: dbus-daemon;1:1.12.8-9.el8;x86_64;ubi-8-baseos
Installing: nginx-filesystem;1:1.14.1-9.module+el8.0.0+4108+af250afe;noarch;ubi-8-appstream
Installing: libxslt;1.1.32-4.el8;x86_64;ubi-8-baseos
Installing: acl;2.2.53-1.el8;x86_64;ubi-8-baseos
Installing: libpcap;14:1.9.0-3.el8;x86_64;ubi-8-baseos
Installing: iptables-libs;1.8.4-10.el8;x86_64;ubi-8-baseos
Installing: diffutils;3.6-6.el8;x86_64;ubi-8-baseos
Installing: libseccomp;2.4.1-1.el8;x86_64;ubi-8-baseos
Installing: kmod-libs;25-16.el8;x86_64;ubi-8-baseos
Installing: gzip;1.9-9.el8;x86_64;ubi-8-baseos
Installing: cracklib;2.9.6-15.el8;x86_64;ubi-8-baseos
Installing: cracklib-dicts;2.9.6-15.el8;x86_64;ubi-8-baseos
Installing: libpwquality;1.4.0-9.el8;x86_64;ubi-8-baseos
Installing: pam;1.3.1-8.el8;x86_64;ubi-8-baseos
Installing: util-linux;2.32.1-22.el8;x86_64;ubi-8-baseos
Installing: device-mapper;8:1.02.169-3.el8;x86_64;ubi-8-baseos
Installing: device-mapper-libs;8:1.02.169-3.el8;x86_64;ubi-8-baseos
Installing: cryptsetup-libs;2.2.2-1.el8;x86_64;ubi-8-baseos
Installing: elfutils-default-yama-scope;0.178-7.el8;noarch;ubi-8-baseos
Installing: elfutils-libs;0.178-7.el8;x86_64;ubi-8-baseos
Installing: systemd-pam;239-30.el8_2;x86_64;ubi-8-baseos
Installing: systemd;239-30.el8_2;x86_64;ubi-8-baseos
Installing: dbus;1:1.12.8-9.el8;x86_64;ubi-8-baseos
Installing: openssl;1:1.1.1c-15.el8;x86_64;ubi-8-baseos
Installing: nginx-mod-stream;1:1.14.1-9.module+el8.0.0+4108+af250afe;x86_64;ubi-8-appstream
Installing: nginx-mod-http-xslt-filter;1:1.14.1-9.module+el8.0.0+4108+af250afe;x86_64;ubi-8-appstream
Installing: nginx-mod-http-perl;1:1.14.1-9.module+el8.0.0+4108+af250afe;x86_64;ubi-8-appstream
Installing: nginx-mod-mail;1:1.14.1-9.module+el8.0.0+4108+af250afe;x86_64;ubi-8-appstream
Installing: nginx;1:1.14.1-9.module+el8.0.0+4108+af250afe;x86_64;ubi-8-appstream
Installing: nginx-mod-http-image-filter;1:1.14.1-9.module+el8.0.0+4108+af250afe;x86_64;ubi-8-appstream
Installing: nginx-all-modules;1:1.14.1-9.module+el8.0.0+4108+af250afe;noarch;ubi-8-appstream
Installing: findutils;1:4.6.0-20.el8;x86_64;ubi-8-baseos
Complete.
Removing intermediate container e16946a2607c
 ---> cd68e18fd146
Step 5/13 : COPY nginx/nginx.conf  /etc/nginx/nginx.conf
 ---> fae081fe832f
Step 6/13 : COPY nginx/nginx-ssl.conf  /etc/nginx/nginx-ssl.conf
 ---> 007cb404a774
Step 7/13 : COPY nginx/startup.sh  /opt/startup.sh
 ---> 41a4ec43176a
Step 8/13 : COPY assets            /opt/www/public
 ---> 3cc415ab2d04
Step 9/13 : EXPOSE 8080
 ---> Running in e0ef025e3b8a
Removing intermediate container e0ef025e3b8a
 ---> e669459c6500
Step 10/13 : EXPOSE 8443
 ---> Running in 45f3413807db
Removing intermediate container 45f3413807db
 ---> ec191599238a
Step 11/13 : RUN touch /var/run/nginx.pid &&   chown -R nginx:0 /var/run/nginx.pid /var/cache/nginx /opt/www/public /etc/nginx /run &&   chmod -R g=u /opt/www/public /var/cache/nginx /etc/nginx /var/run/nginx.pid /run
 ---> Running in 702f167e6c93
Removing intermediate container 702f167e6c93
 ---> 05e5438a119d
Step 12/13 : USER nginx
 ---> Running in 81393e11b63c
Removing intermediate container 81393e11b63c
 ---> 8b3533a11b48
Step 13/13 : ENTRYPOINT ["/opt/startup.sh"]
 ---> Running in c7b4817ac5a6
Removing intermediate container c7b4817ac5a6
 ---> 851947887c1a
Successfully built 851947887c1a
Successfully tagged kabanero/pipelines-index:latest
Successfully tagged kabanero/pipelines-index:SNAPSHOT
